2025-10-02 08:01:41,086 [INFO] Activator:176 - 


2025-10-02 08:01:41,096 [INFO] Activator:177 - !SESSION log4j initialized
2025-10-02 08:01:48,550 [INFO] LogOutputStream:77 - [STDOUT_REDIRECT] 
2025-10-02 08:01:50,342 [INFO] ApplicationProperties:184 - Using Application install path: C:\ST\STM32CubeIDE_1.18.0\STM32CubeIDE\plugins\com.st.stm32cube.common.mx_6.15.0.202507011659
2025-10-02 08:01:50,387 [INFO] DbMcusXml:78 - Set database path to: C:\ST\STM32CubeIDE_1.18.0\STM32CubeIDE\plugins\com.st.stm32cube.common.mx_6.15.0.202507011659\\db\/mcu/
2025-10-02 08:01:50,387 [INFO] ApiDb:274 - Set plugin database path to: C:\ST\STM32CubeIDE_1.18.0\STM32CubeIDE\plugins\com.st.stm32cube.common.mx_6.15.0.202507011659\\db\/plugins/boardmanager/
2025-10-02 08:01:50,389 [WARN] ApiDb:259 - Overriding images path with different value:  => C:\ST\STM32CubeIDE_1.18.0\STM32CubeIDE\plugins\com.st.stm32cube.common.mx_6.15.0.202507011659\\db\/plugins/mcufinder/images/
2025-10-02 08:01:50,413 [INFO] ApiDb:250 - Set database path to: C:\Users\khanh\.stmcufinder\plugins\mcufinder//mcu/
2025-10-02 08:01:50,415 [INFO] DbMcusAds:125 - Set database path to: C:\Users\khanh\.stmcufinder\plugins\mcufinder//mcu/
2025-10-02 08:01:50,421 [INFO] CrossReferenceDbSqlite:203 - Set database path to: C:\Users\khanh\.stmcufinder\plugins\mcufinder//mcu/cs/
2025-10-02 08:01:50,656 [INFO] RulesReader:64 - Compatibility file has been processed (317 Rules)
2025-10-02 08:01:50,820 [INFO] DbMcusXml:78 - Set database path to: C:\ST\STM32CubeIDE_1.18.0\STM32CubeIDE\plugins\com.st.stm32cube.common.mx_6.15.0.202507011659\\db\/mcu/
2025-10-02 08:01:50,820 [INFO] ApiDb:274 - Set plugin database path to: C:\ST\STM32CubeIDE_1.18.0\STM32CubeIDE\plugins\com.st.stm32cube.common.mx_6.15.0.202507011659\\db\/plugins/boardmanager/
2025-10-02 08:01:50,820 [INFO] ApiDb:261 - Set plugin images path to: C:\ST\STM32CubeIDE_1.18.0\STM32CubeIDE\plugins\com.st.stm32cube.common.mx_6.15.0.202507011659\\db\/plugins/mcufinder/images/
2025-10-02 08:01:50,821 [WARN] DbFile:41 - Overriding database path with different value: C:\Users\khanh\.stmcufinder\plugins\mcufinder/ => C:\Users\khanh\.stmcufinder\plugins\mcufinder
2025-10-02 08:01:50,821 [INFO] ApiDb:250 - Set database path to: C:\Users\khanh\.stmcufinder\plugins\mcufinder//mcu/
2025-10-02 08:01:50,821 [WARN] DbFile:41 - Overriding database path with different value: C:\Users\khanh\.stmcufinder\plugins\mcufinder/ => C:\Users\khanh\.stmcufinder\plugins\mcufinder
2025-10-02 08:01:50,821 [INFO] DbMcusAds:125 - Set database path to: C:\Users\khanh\.stmcufinder\plugins\mcufinder//mcu/
2025-10-02 08:01:50,821 [WARN] DbFile:41 - Overriding database path with different value: C:\Users\khanh\.stmcufinder\plugins\mcufinder/ => C:\Users\khanh\.stmcufinder\plugins\mcufinder
2025-10-02 08:01:50,821 [WARN] DbFile:41 - Overriding database path with different value: C:\Users\khanh\.stmcufinder\plugins\mcufinder/ => C:\Users\khanh\.stmcufinder\plugins\mcufinder
2025-10-02 08:01:50,821 [INFO] CrossReferenceDbSqlite:203 - Set database path to: C:\Users\khanh\.stmcufinder\plugins\mcufinder//mcu/cs/
2025-10-02 08:01:50,971 [INFO] MainPanel:274 - HeapMemory: 268435456
2025-10-02 08:01:51,267 [INFO] DbMcusXml:78 - Set database path to: C:\ST\STM32CubeIDE_1.18.0\STM32CubeIDE\plugins\com.st.stm32cube.common.mx_6.15.0.202507011659\\db\/mcu/
2025-10-02 08:01:51,267 [INFO] ApiDb:274 - Set plugin database path to: C:\ST\STM32CubeIDE_1.18.0\STM32CubeIDE\plugins\com.st.stm32cube.common.mx_6.15.0.202507011659\\db\/plugins/boardmanager/
2025-10-02 08:01:51,268 [INFO] ApiDb:261 - Set plugin images path to: C:\ST\STM32CubeIDE_1.18.0\STM32CubeIDE\plugins\com.st.stm32cube.common.mx_6.15.0.202507011659\\db\/plugins/mcufinder/images/
2025-10-02 08:01:51,269 [WARN] DbFile:41 - Overriding database path with different value: C:\Users\khanh\.stmcufinder\plugins\mcufinder/ => C:\Users\khanh\.stmcufinder\plugins\mcufinder
2025-10-02 08:01:51,269 [INFO] ApiDb:250 - Set database path to: C:\Users\khanh\.stmcufinder\plugins\mcufinder//mcu/
2025-10-02 08:01:51,269 [WARN] DbFile:41 - Overriding database path with different value: C:\Users\khanh\.stmcufinder\plugins\mcufinder/ => C:\Users\khanh\.stmcufinder\plugins\mcufinder
2025-10-02 08:01:51,270 [INFO] DbMcusAds:125 - Set database path to: C:\Users\khanh\.stmcufinder\plugins\mcufinder//mcu/
2025-10-02 08:01:51,270 [WARN] DbFile:41 - Overriding database path with different value: C:\Users\khanh\.stmcufinder\plugins\mcufinder/ => C:\Users\khanh\.stmcufinder\plugins\mcufinder
2025-10-02 08:01:51,270 [WARN] DbFile:41 - Overriding database path with different value: C:\Users\khanh\.stmcufinder\plugins\mcufinder/ => C:\Users\khanh\.stmcufinder\plugins\mcufinder
2025-10-02 08:01:51,270 [INFO] CrossReferenceDbSqlite:203 - Set database path to: C:\Users\khanh\.stmcufinder\plugins\mcufinder//mcu/cs/
2025-10-02 08:01:51,313 [INFO] ApplicationProperties:184 - Using Application install path: C:\ST\STM32CubeIDE_1.18.0\STM32CubeIDE\plugins\com.st.stm32cube.common.mx_6.15.0.202507011659
2025-10-02 08:01:51,316 [INFO] PluginManage:196 - Search for loadable plugins [exclusion list=, ]
2025-10-02 08:01:51,320 [INFO] PluginManage:310 - Check plugin analytics
2025-10-02 08:01:51,616 [INFO] AnalyticsPlugin:253 - Accepted Software Licenses: STM32CubeMX.6.14.0
2025-10-02 08:01:51,616 [INFO] AnalyticsPlugin:255 - Accepted CMSIS Pack Licenses: 
2025-10-02 08:01:51,616 [INFO] AnalyticsPlugin:257 - Accepted Firmware Licenses: 
2025-10-02 08:01:51,621 [INFO] PluginManage:359 - Loaded plugin analytics (category:tool,tabindex:-1)
2025-10-02 08:01:51,622 [INFO] PluginManage:310 - Check plugin cadmodel
2025-10-02 08:01:51,633 [INFO] CADModel:105 - Init CAD model plugin
2025-10-02 08:01:51,634 [INFO] PluginManage:359 - Loaded plugin cadmodel (category:power,tabindex:5)
2025-10-02 08:01:51,634 [INFO] PluginManage:310 - Check plugin clock
2025-10-02 08:01:51,654 [INFO] PluginManage:359 - Loaded plugin clock (category:base,tabindex:2)
2025-10-02 08:01:51,656 [INFO] PluginManage:310 - Check plugin ddr
2025-10-02 08:01:51,663 [INFO] PluginManage:359 - Loaded plugin ddr (category:tool,tabindex:6)
2025-10-02 08:01:51,663 [INFO] PluginManage:310 - Check plugin filemanager
2025-10-02 08:01:51,991 [INFO] PluginManage:359 - Loaded plugin filemanager (category:base,tabindex:10)
2025-10-02 08:01:51,992 [INFO] PluginManage:310 - Check plugin ipmanager
2025-10-02 08:01:52,007 [INFO] PluginManage:359 - Loaded plugin ipmanager (category:base,tabindex:5)
2025-10-02 08:01:52,007 [INFO] PluginManage:310 - Check plugin lpbam
2025-10-02 08:01:52,024 [INFO] PluginManage:359 - Loaded plugin lpbam (category:base,tabindex:0)
2025-10-02 08:01:52,025 [INFO] PluginManage:310 - Check plugin memorymap
2025-10-02 08:01:52,049 [INFO] PluginManage:359 - Loaded plugin memorymap (category:base,tabindex:4)
2025-10-02 08:01:52,049 [INFO] PluginManage:310 - Check plugin pinoutandconfiguration
2025-10-02 08:01:52,064 [INFO] PluginManage:359 - Loaded plugin pinoutandconfiguration (category:base,tabindex:1)
2025-10-02 08:01:52,064 [INFO] PluginManage:310 - Check plugin pinoutconfig
2025-10-02 08:01:52,205 [WARN] SupportedApi:132 - Cannot load RTOS API schema: s4s-elt-must-match.1: The content of 'definitions' must match (annotation?, (simpleType | complexType)?, (unique | key | keyref)*)). A problem was found starting at: attribute.
2025-10-02 08:01:52,424 [INFO] PluginManage:359 - Loaded plugin pinoutconfig (category:base,tabindex:0)
2025-10-02 08:01:52,424 [INFO] PluginManage:310 - Check plugin power
2025-10-02 08:01:52,437 [INFO] PluginManage:359 - Loaded plugin power (category:power,tabindex:4)
2025-10-02 08:01:52,437 [INFO] PluginManage:310 - Check plugin projectmanager
2025-10-02 08:01:52,458 [INFO] PluginManage:359 - Loaded plugin projectmanager (category:projectmanager,tabindex:4)
2025-10-02 08:01:52,458 [INFO] PluginManage:310 - Check plugin rif
2025-10-02 08:01:52,472 [INFO] PluginManage:359 - Loaded plugin rif (category:base,tabindex:3)
2025-10-02 08:01:52,472 [INFO] PluginManage:310 - Check plugin thirdparty
2025-10-02 08:01:52,718 [INFO] PluginManage:359 - Loaded plugin thirdparty (category:base,tabindex:-1)
2025-10-02 08:01:52,718 [WARN] IntegrityCheckThread:84 - waiting for thirdparty lock release [integrity check]
2025-10-02 08:01:52,718 [INFO] IntegrityCheckThread:86 - entering critical section [integrity check]
2025-10-02 08:01:52,718 [INFO] PluginManage:310 - Check plugin tools
2025-10-02 08:01:52,719 [INFO] ThirdPartyUpdaterWithRetryManager:70 - Updater plugin not ready yet. [1/15]
2025-10-02 08:01:52,723 [INFO] PluginManage:359 - Loaded plugin tools (category:base,tabindex:7)
2025-10-02 08:01:52,724 [INFO] PluginManage:310 - Check plugin tutovideos
2025-10-02 08:01:53,059 [INFO] PluginManage:359 - Loaded plugin tutovideos (category:base,tabindex:-1)
2025-10-02 08:01:53,061 [INFO] PluginManage:310 - Check plugin updater
2025-10-02 08:01:53,087 [INFO] PluginManage:359 - Loaded plugin updater (category:base,tabindex:12)
2025-10-02 08:01:53,087 [INFO] PluginManage:310 - Check plugin userauth
2025-10-02 08:01:53,093 [INFO] UserAuth:118 - Init User Auth plugin
2025-10-02 08:01:53,094 [INFO] PluginManage:359 - Loaded plugin userauth (category:base,tabindex:14)
2025-10-02 08:01:53,096 [INFO] PluginManage:283 - PluginManage : Loaded plugins [18]
2025-10-02 08:01:53,359 [INFO] PinOutPanel:1589 - setPackage(No Configuration,No Configuration)
2025-10-02 08:01:53,460 [INFO] CADModel:165 - CPN selected for project level
2025-10-02 08:01:53,460 [INFO] CADModel:114 - Register for checkConnection events
2025-10-02 08:01:53,482 [INFO] IPUIPlugin:80 - create IPUIPlugin
2025-10-02 08:01:53,482 [INFO] PluginManager:220 - loadIPPluginJar : add adc
2025-10-02 08:01:53,486 [INFO] IPUIPlugin:80 - create IPUIPlugin
2025-10-02 08:01:53,486 [INFO] PluginManager:220 - loadIPPluginJar : add aes
2025-10-02 08:01:53,489 [INFO] IPUIPlugin:80 - create IPUIPlugin
2025-10-02 08:01:53,489 [INFO] PluginManager:220 - loadIPPluginJar : add can
2025-10-02 08:01:53,493 [INFO] IPUIPlugin:80 - create IPUIPlugin
2025-10-02 08:01:53,493 [INFO] PluginManager:220 - loadIPPluginJar : add comp
2025-10-02 08:01:53,495 [INFO] IPUIPlugin:80 - create IPUIPlugin
2025-10-02 08:01:53,495 [INFO] PluginManager:220 - loadIPPluginJar : add cryp
2025-10-02 08:01:53,499 [INFO] IPUIPlugin:80 - create IPUIPlugin
2025-10-02 08:01:53,500 [INFO] PluginManager:220 - loadIPPluginJar : add ddr_ctrl_phy
2025-10-02 08:01:53,503 [INFO] IPUIPlugin:80 - create IPUIPlugin
2025-10-02 08:01:53,503 [INFO] PluginManager:220 - loadIPPluginJar : add dfsdm
2025-10-02 08:01:53,508 [INFO] IPUIPlugin:80 - create IPUIPlugin
2025-10-02 08:01:53,510 [INFO] PluginManager:220 - loadIPPluginJar : add dma
2025-10-02 08:01:53,514 [INFO] IPUIPlugin:80 - create IPUIPlugin
2025-10-02 08:01:53,514 [INFO] PluginManager:220 - loadIPPluginJar : add dma3
2025-10-02 08:01:53,518 [INFO] IPUIPlugin:80 - create IPUIPlugin
2025-10-02 08:01:53,518 [INFO] PluginManager:220 - loadIPPluginJar : add extmemmanager
2025-10-02 08:01:53,521 [INFO] IPUIPlugin:80 - create IPUIPlugin
2025-10-02 08:01:53,521 [INFO] PluginManager:220 - loadIPPluginJar : add fatfs
2025-10-02 08:01:53,527 [INFO] IPUIPlugin:80 - create IPUIPlugin
2025-10-02 08:01:53,527 [INFO] PluginManager:220 - loadIPPluginJar : add fmc
2025-10-02 08:01:53,536 [INFO] IPUIPlugin:80 - create IPUIPlugin
2025-10-02 08:01:53,536 [INFO] PluginManager:220 - loadIPPluginJar : add freertos
2025-10-02 08:01:53,538 [INFO] IPUIPlugin:80 - create IPUIPlugin
2025-10-02 08:01:53,539 [INFO] PluginManager:220 - loadIPPluginJar : add genericplugin
2025-10-02 08:01:53,543 [INFO] IPUIPlugin:80 - create IPUIPlugin
2025-10-02 08:01:53,543 [INFO] PluginManager:220 - loadIPPluginJar : add gfxmmu
2025-10-02 08:01:53,548 [INFO] IPUIPlugin:80 - create IPUIPlugin
2025-10-02 08:01:53,548 [INFO] PluginManager:220 - loadIPPluginJar : add gic
2025-10-02 08:01:53,552 [INFO] IPUIPlugin:80 - create IPUIPlugin
2025-10-02 08:01:53,552 [INFO] PluginManager:220 - loadIPPluginJar : add gpio
2025-10-02 08:01:53,557 [INFO] IPUIPlugin:80 - create IPUIPlugin
2025-10-02 08:01:53,557 [INFO] PluginManager:220 - loadIPPluginJar : add gtzc
2025-10-02 08:01:53,561 [INFO] IPUIPlugin:80 - create IPUIPlugin
2025-10-02 08:01:53,561 [INFO] PluginManager:220 - loadIPPluginJar : add hash
2025-10-02 08:01:53,565 [INFO] IPUIPlugin:80 - create IPUIPlugin
2025-10-02 08:01:53,565 [INFO] PluginManager:220 - loadIPPluginJar : add i2c
2025-10-02 08:01:53,569 [INFO] IPUIPlugin:80 - create IPUIPlugin
2025-10-02 08:01:53,569 [INFO] PluginManager:220 - loadIPPluginJar : add i2s
2025-10-02 08:01:53,573 [INFO] IPUIPlugin:80 - create IPUIPlugin
2025-10-02 08:01:53,573 [INFO] PluginManager:220 - loadIPPluginJar : add i3c
2025-10-02 08:01:53,577 [INFO] IPUIPlugin:80 - create IPUIPlugin
2025-10-02 08:01:53,578 [INFO] PluginManager:220 - loadIPPluginJar : add ipddr
2025-10-02 08:01:53,585 [INFO] IPUIPlugin:80 - create IPUIPlugin
2025-10-02 08:01:53,585 [INFO] PluginManager:220 - loadIPPluginJar : add linkedlist
2025-10-02 08:01:53,590 [INFO] IPUIPlugin:80 - create IPUIPlugin
2025-10-02 08:01:53,590 [INFO] PluginManager:220 - loadIPPluginJar : add lorawan
2025-10-02 08:01:53,592 [INFO] IPUIPlugin:80 - create IPUIPlugin
2025-10-02 08:01:53,593 [INFO] PluginManager:220 - loadIPPluginJar : add ltdc
2025-10-02 08:01:53,600 [INFO] IPUIPlugin:80 - create IPUIPlugin
2025-10-02 08:01:53,600 [INFO] PluginManager:220 - loadIPPluginJar : add mdma
2025-10-02 08:01:53,604 [INFO] IPUIPlugin:80 - create IPUIPlugin
2025-10-02 08:01:53,604 [INFO] PluginManager:220 - loadIPPluginJar : add nvic
2025-10-02 08:01:53,610 [INFO] IPUIPlugin:80 - create IPUIPlugin
2025-10-02 08:01:53,610 [INFO] PluginManager:220 - loadIPPluginJar : add opamp
2025-10-02 08:01:53,616 [INFO] IPUIPlugin:80 - create IPUIPlugin
2025-10-02 08:01:53,617 [INFO] PluginManager:220 - loadIPPluginJar : add openamp
2025-10-02 08:01:53,621 [INFO] IPUIPlugin:80 - create IPUIPlugin
2025-10-02 08:01:53,621 [INFO] PluginManager:220 - loadIPPluginJar : add pdm2pcm
2025-10-02 08:01:53,630 [INFO] IPUIPlugin:80 - create IPUIPlugin
2025-10-02 08:01:53,633 [INFO] PluginManager:220 - loadIPPluginJar : add plateformsettings
2025-10-02 08:01:53,635 [INFO] IPUIPlugin:80 - create IPUIPlugin
2025-10-02 08:01:53,637 [INFO] PluginManager:220 - loadIPPluginJar : add quadspi
2025-10-02 08:01:53,640 [INFO] IPUIPlugin:80 - create IPUIPlugin
2025-10-02 08:01:53,640 [INFO] PluginManager:220 - loadIPPluginJar : add radio
2025-10-02 08:01:53,648 [INFO] IPUIPlugin:80 - create IPUIPlugin
2025-10-02 08:01:53,648 [INFO] PluginManager:220 - loadIPPluginJar : add resmgrutility
2025-10-02 08:01:53,652 [INFO] IPUIPlugin:80 - create IPUIPlugin
2025-10-02 08:01:53,652 [INFO] PluginManager:220 - loadIPPluginJar : add sai
2025-10-02 08:01:53,658 [INFO] IPUIPlugin:80 - create IPUIPlugin
2025-10-02 08:01:53,658 [INFO] PluginManager:220 - loadIPPluginJar : add spi
2025-10-02 08:01:53,669 [INFO] IPUIPlugin:80 - create IPUIPlugin
2025-10-02 08:01:53,669 [INFO] PluginManager:220 - loadIPPluginJar : add stm32_wpan
2025-10-02 08:01:53,672 [INFO] IPUIPlugin:80 - create IPUIPlugin
2025-10-02 08:01:53,672 [INFO] PluginManager:220 - loadIPPluginJar : add tim
2025-10-02 08:01:53,677 [INFO] IPUIPlugin:80 - create IPUIPlugin
2025-10-02 08:01:53,677 [INFO] PluginManager:220 - loadIPPluginJar : add touchsensing
2025-10-02 08:01:53,680 [INFO] IPUIPlugin:80 - create IPUIPlugin
2025-10-02 08:01:53,681 [INFO] PluginManager:220 - loadIPPluginJar : add tracer_emb
2025-10-02 08:01:53,684 [INFO] IPUIPlugin:80 - create IPUIPlugin
2025-10-02 08:01:53,686 [INFO] PluginManager:220 - loadIPPluginJar : add ts
2025-10-02 08:01:53,688 [INFO] IPUIPlugin:80 - create IPUIPlugin
2025-10-02 08:01:53,689 [INFO] PluginManager:220 - loadIPPluginJar : add tsc
2025-10-02 08:01:53,692 [INFO] IPUIPlugin:80 - create IPUIPlugin
2025-10-02 08:01:53,692 [INFO] PluginManager:220 - loadIPPluginJar : add ucpd
2025-10-02 08:01:53,697 [INFO] IPUIPlugin:80 - create IPUIPlugin
2025-10-02 08:01:53,697 [INFO] PluginManager:220 - loadIPPluginJar : add usart
2025-10-02 08:01:53,702 [INFO] IPUIPlugin:80 - create IPUIPlugin
2025-10-02 08:01:53,702 [INFO] PluginManager:220 - loadIPPluginJar : add usbx
2025-10-02 08:01:53,835 [FATAL] Updater:351 - Updater called before beeing initialized
2025-10-02 08:01:53,871 [INFO] RulesReader:64 - Compatibility file has been processed (317 Rules)
2025-10-02 08:01:53,885 [INFO] RulesReader:64 - Compatibility file has been processed (317 Rules)
2025-10-02 08:01:53,913 [INFO] CADModel:165 - CPN selected for project level
2025-10-02 08:01:53,913 [INFO] CADModel:114 - Register for checkConnection events
2025-10-02 08:01:53,913 [FATAL] Updater:351 - Updater called before beeing initialized
2025-10-02 08:01:53,913 [ERROR] CADModel:125 - Updater not yet initialized, retry later 
2025-10-02 08:01:54,107 [FATAL] Updater:351 - Updater called before beeing initialized
2025-10-02 08:01:54,109 [INFO] CADModel:165 - CPN selected for project level
2025-10-02 08:01:54,109 [INFO] CADModel:114 - Register for checkConnection events
2025-10-02 08:01:54,109 [FATAL] Updater:351 - Updater called before beeing initialized
2025-10-02 08:01:54,109 [ERROR] CADModel:125 - Updater not yet initialized, retry later 
2025-10-02 08:01:54,114 [FATAL] Updater:351 - Updater called before beeing initialized
2025-10-02 08:01:54,258 [FATAL] Updater:351 - Updater called before beeing initialized
2025-10-02 08:01:54,262 [INFO] DbMcusAds:53 - JSON generation date=Tue Jul 08 15:14:23 ICT 2025 (1751962463593)
2025-10-02 08:01:54,262 [FATAL] Updater:351 - Updater called before beeing initialized
2025-10-02 08:01:54,303 [WARN] DetailPanel:346 - Failed to get advertising image, set to default
2025-10-02 08:01:54,387 [FATAL] Updater:351 - Updater called before beeing initialized
2025-10-02 08:01:54,388 [FATAL] Updater:351 - Updater called before beeing initialized
2025-10-02 08:01:54,388 [FATAL] Updater:351 - Updater called before beeing initialized
2025-10-02 08:01:54,388 [WARN] DetailPanel:346 - Failed to get advertising image, set to default
2025-10-02 08:01:54,389 [FATAL] Updater:351 - Updater called before beeing initialized
2025-10-02 08:01:54,441 [ERROR] Updater:1198 - MainUpdater not yet initialized. External WinMGr cannot be set.
2025-10-02 08:01:54,443 [INFO] Updater:1134 - Updater Version found : 6.15.0
2025-10-02 08:01:54,464 [INFO] ApplicationProperties:184 - Using Application install path: C:\ST\STM32CubeIDE_1.18.0\STM32CubeIDE\plugins\com.st.stm32cube.common.mx_6.15.0.202507011659
2025-10-02 08:01:55,720 [INFO] ThirdPartyUpdaterWithRetryManager:70 - Updater plugin not ready yet. [2/15]
2025-10-02 08:01:56,043 [ERROR] LogOutputStream:75 - [STDERR_REDIRECT] Oct 02, 2025 8:01:56 AM java.util.prefs.WindowsPreferences <init>
2025-10-02 08:01:56,044 [ERROR] LogOutputStream:75 - [STDERR_REDIRECT] WARNING: Could not open/create prefs root node Software\JavaSoft\Prefs at root 0xffffffff80000002. Windows RegCreateKeyEx(...) returned error code 5.
2025-10-02 08:01:56,044 [ERROR] LogOutputStream:75 - [STDERR_REDIRECT] 
2025-10-02 08:01:56,484 [INFO] MainUpdater:2872 - connection check result : 10
2025-10-02 08:01:56,484 [INFO] MainUpdater:3604 - Updater definition file requires update
2025-10-02 08:01:56,485 [INFO] MainUpdater:289 - Updater Check For Update Now.
2025-10-02 08:01:56,486 [INFO] MicroXplorer:498 - Change Database Version : DB.6.0.150
2025-10-02 08:01:56,492 [INFO] McuFinderGlobals:63 - Set McuFinder mode to 2 (CubeIDE integrated)
2025-10-02 08:01:56,494 [INFO] UserAuth:487 - Internet connection configuration mode: 1
2025-10-02 08:01:56,518 [INFO] JxBrowserEngine:152 - Initiate JxBrowser Engine with user profile folder
2025-10-02 08:01:56,653 [INFO] ServerAccessManage:452 - Complete download http(s) 200
2025-10-02 08:01:56,654 [INFO] ServerAccessManage:509 - Download File updaters.zip
2025-10-02 08:01:56,965 [INFO] FileExtend:248 - Unzip File : updaters.zip
2025-10-02 08:01:56,965 [INFO] FileExtend:263 - Standard Zip Deflate
2025-10-02 08:01:57,423 [INFO] ServerAccessManage:452 - Complete download http(s) 200
2025-10-02 08:01:57,423 [INFO] ServerAccessManage:509 - Download File PacksControlFlags.xml
2025-10-02 08:01:57,540 [INFO] ServerAccessManage:452 - Complete download http(s) 200
2025-10-02 08:01:57,540 [INFO] ServerAccessManage:509 - Download File cubemx.pidx
2025-10-02 08:01:58,661 [INFO] WebApp:169 - Instantiating new browser for Auth
2025-10-02 08:01:58,728 [WARN] MainUpdater:1193 - Updater busy. Cannot search thirdparties
2025-10-02 08:01:58,729 [INFO] ThirdPartyUpdaterWithRetryManager:96 - Updater plugin is busy. [1/15]
2025-10-02 08:01:59,154 [INFO] ServerAccessManage:452 - Complete download http(s) 200
2025-10-02 08:01:59,154 [INFO] ServerAccessManage:509 - Download File STMicroelectronics.X-CUBE-TOUCHGFX.pdsc
2025-10-02 08:01:59,997 [INFO] WebApp:463 - Apply proxy settings
2025-10-02 08:01:59,997 [INFO] WebApp:548 - Chromium requires no authentication
2025-10-02 08:02:00,009 [INFO] WebApp:491 - Direct internet connection detected
2025-10-02 08:02:00,054 [INFO] WebApp:900 - Register for checkConnection events
2025-10-02 08:02:00,054 [INFO] WebApp:463 - Apply proxy settings
2025-10-02 08:02:00,054 [INFO] WebApp:548 - Chromium requires no authentication
2025-10-02 08:02:00,055 [INFO] WebApp:491 - Direct internet connection detected
2025-10-02 08:02:00,264 [INFO] WebApp:191 - Connection restablished
2025-10-02 08:02:00,348 [INFO] WebApp:225 - Starting web application
2025-10-02 08:02:00,348 [INFO] WebApp:593 - Web application path used C:\ST\STM32CubeIDE_1.18.0\STM32CubeIDE\plugins\com.st.stm32cube.common.mx_6.15.0.202507011659\db\plugins\mcufinder\reactClient1\index.html
2025-10-02 08:02:00,745 [INFO] UserAuth:487 - Internet connection configuration mode: 1
2025-10-02 08:02:01,730 [WARN] MainUpdater:1193 - Updater busy. Cannot search thirdparties
2025-10-02 08:02:01,730 [INFO] ThirdPartyUpdaterWithRetryManager:96 - Updater plugin is busy. [2/15]
2025-10-02 08:02:02,278 [WARN] PackLoader:240 - Cannot read IP mode file for STMicroelectronics.X-CUBE-TOUCHGFX.4.26.0
2025-10-02 08:02:02,281 [INFO] PopulateThirdPartyThread:66 - Ending populate Thread
2025-10-02 08:02:02,281 [INFO] ThirdParty:1030 - CMSIS Pack Vendor :STMicroelectronics X-CUBE-TOUCHGFX 4.26.0
2025-10-02 08:02:02,283 [INFO] LoadServerUpdatesThread:375 - End of LoadServerUpdate Thread
2025-10-02 08:02:02,405 [INFO] CheckServerUpdateThread:120 - End of CheckServer Thread
2025-10-02 08:02:05,023 [WARN] PackLoader:240 - Cannot read IP mode file for STMicroelectronics.FP-SNS-MOTENVWB1.1.4.0
2025-10-02 08:02:05,034 [WARN] PackLoader:240 - Cannot read IP mode file for STMicroelectronics.X-CUBE-SMBUS.2.1.0
2025-10-02 08:02:05,046 [WARN] PackLoader:240 - Cannot read IP mode file for STMicroelectronics.X-CUBE-WB05N.1.1.0
2025-10-02 08:02:05,054 [WARN] PackLoader:240 - Cannot read IP mode file for STMicroelectronics.X-CUBE-ST60.1.0.0
2025-10-02 08:02:05,096 [WARN] PackLoader:240 - Cannot read IP mode file for STMicroelectronics.X-CUBE-AZRTOS-F7.1.1.0
2025-10-02 08:02:05,132 [WARN] PackLoader:240 - Cannot read IP mode file for Infineon.AIROC-Wi-Fi-Bluetooth-STM32.1.7.0
2025-10-02 08:02:05,168 [WARN] PackLoader:240 - Cannot read IP mode file for STMicroelectronics.X-CUBE-AZRTOS-H7.3.4.0
2025-10-02 08:02:05,183 [WARN] PackLoader:240 - Cannot read IP mode file for STMicroelectronics.X-CUBE-DISPLAY.3.0.0
2025-10-02 08:02:05,197 [WARN] PackLoader:240 - Cannot read IP mode file for STMicroelectronics.X-CUBE-NFC10.1.0.0
2025-10-02 08:02:05,215 [WARN] PackLoader:240 - Cannot read IP mode file for STMicroelectronics.X-CUBE-BLEMGR.4.0.0
2025-10-02 08:02:05,226 [WARN] PackLoader:240 - Cannot read IP mode file for emotas.I-CUBE-CANOPEN.1.3.0
2025-10-02 08:02:05,233 [WARN] ConditionMgr:438 - getConditionDescription Invalid condition id : Cortex-A Device cause : null
2025-10-02 08:02:05,251 [WARN] ConditionMgr:1044 - genDependencies : Invalid condition id : Cortex-A Device cause : null
2025-10-02 08:02:05,252 [WARN] ConditionMgr:1044 - genDependencies : Invalid condition id : Cortex-A Device cause : null
2025-10-02 08:02:05,252 [WARN] ConditionMgr:1044 - genDependencies : Invalid condition id : Cortex-A Device cause : null
2025-10-02 08:02:05,260 [WARN] PackLoader:240 - Cannot read IP mode file for STMicroelectronics.X-CUBE-AI.10.0.0
2025-10-02 08:02:05,270 [WARN] PackLoader:240 - Cannot read IP mode file for STMicroelectronics.FP-SNS-STBOX1.2.1.0
2025-10-02 08:02:05,285 [WARN] PackLoader:240 - Cannot read IP mode file for STMicroelectronics.FP-SNS-SMARTAG2.1.2.0
2025-10-02 08:02:05,378 [WARN] PackLoader:240 - Cannot read IP mode file for STMicroelectronics.X-CUBE-MEMS1.11.1.0
2025-10-02 08:02:05,531 [INFO] LogOutputStream:77 - [STDOUT_REDIRECT] 1 : Invalid condition id : UX_CORESTACK_Condition cause : null
2025-10-02 08:02:05,531 [INFO] LogOutputStream:77 - [STDOUT_REDIRECT] 1 : Invalid condition id : UX_CORESTACK_Condition cause : null
2025-10-02 08:02:05,533 [INFO] LogOutputStream:77 - [STDOUT_REDIRECT] 1 : Invalid condition id : UX_CORESTACK_Condition cause : null
2025-10-02 08:02:05,534 [INFO] LogOutputStream:77 - [STDOUT_REDIRECT] 1 : Invalid condition id : UX_CORESTACK_Condition cause : null
2025-10-02 08:02:05,536 [INFO] LogOutputStream:77 - [STDOUT_REDIRECT] 1 : Invalid condition id : UX_CORESTACK_Condition cause : null
2025-10-02 08:02:05,540 [WARN] PackLoader:240 - Cannot read IP mode file for STMicroelectronics.X-CUBE-AZRTOS-WL.2.0.0
2025-10-02 08:02:05,555 [WARN] PackLoader:240 - Cannot read IP mode file for STMicroelectronics.FP-SNS-MOTENV1.5.0.0
2025-10-02 08:02:05,566 [WARN] PackLoader:240 - Cannot read IP mode file for WES.I-CUBE-Cesium.1.3.0
2025-10-02 08:02:05,578 [WARN] PackLoader:240 - Cannot read IP mode file for STMicroelectronics.X-CUBE-BLE2.3.3.0
2025-10-02 08:02:05,589 [WARN] PackLoader:240 - Cannot read IP mode file for STMicroelectronics.X-CUBE-NFC9.1.0.0
2025-10-02 08:02:05,600 [WARN] PackLoader:240 - Cannot read IP mode file for wolfSSL.I-CUBE-wolfMQTT.1.19.2
2025-10-02 08:02:05,613 [WARN] PackLoader:240 - Cannot read IP mode file for STMicroelectronics.X-CUBE-EEPRMA1.5.2.0
2025-10-02 08:02:05,622 [WARN] PackLoader:240 - Cannot read IP mode file for STMicroelectronics.X-CUBE-AI.10.1.0
2025-10-02 08:02:05,670 [WARN] PackLoader:240 - Cannot read IP mode file for STMicroelectronics.X-CUBE-MEMS1.11.2.0
2025-10-02 08:02:05,790 [WARN] PackLoader:240 - Cannot read IP mode file for STMicroelectronics.X-CUBE-AZRTOS-G0.1.1.0
2025-10-02 08:02:05,801 [WARN] PackLoader:240 - Cannot read IP mode file for STMicroelectronics.X-CUBE-SAFEA1.1.2.2
2025-10-02 08:02:05,810 [WARN] PackLoader:240 - Cannot read IP mode file for STMicroelectronics.X-CUBE-NFC4.3.0.0
2025-10-02 08:02:05,820 [WARN] PackLoader:240 - Cannot read IP mode file for EmbeddedOffice.I-CUBE-FS-RTOS.1.0.1
2025-10-02 08:02:05,828 [WARN] PackLoader:240 - Cannot read IP mode file for STMicroelectronics.X-CUBE-WB05N.2.0.0
2025-10-02 08:02:05,835 [WARN] PackLoader:240 - Cannot read IP mode file for wolfSSL.I-CUBE-wolfTPM.3.8.0
2025-10-02 08:02:05,842 [WARN] PackLoader:240 - Cannot read IP mode file for STMicroelectronics.X-CUBE-TCPP.4.2.0
2025-10-02 08:02:05,849 [WARN] PackLoader:240 - Cannot read IP mode file for RealThread.X-CUBE-RT-Thread_Nano.4.1.1
2025-10-02 08:02:05,856 [WARN] PackLoader:240 - Cannot read IP mode file for STMicroelectronics.FP-ATR-SIGFOX1.3.2.0
2025-10-02 08:02:05,863 [WARN] PackLoader:240 - Cannot read IP mode file for STMicroelectronics.X-CUBE-EEPRMA1.5.1.0
2025-10-02 08:02:05,868 [WARN] PackLoader:240 - Cannot read IP mode file for wolfSSL.I-CUBE-wolfSSL.5.7.6
2025-10-02 08:02:05,877 [WARN] PackLoader:240 - Cannot read IP mode file for ITTIA_DB.I-CUBE-ITTIADB.8.9.0
2025-10-02 08:02:05,886 [WARN] PackLoader:240 - Cannot read IP mode file for STMicroelectronics.X-CUBE-ST67W61.1.0.0
2025-10-02 08:02:05,891 [WARN] PackLoader:240 - Cannot read IP mode file for STMicroelectronics.X-CUBE-AI.10.2.0
2025-10-02 08:02:05,915 [WARN] PackLoader:240 - Cannot read IP mode file for SEGGER.I-CUBE-embOS.1.3.1
2025-10-02 08:02:05,953 [WARN] PackLoader:240 - Cannot read IP mode file for STMicroelectronics.X-CUBE-ALGOBUILD.1.4.0
2025-10-02 08:02:05,992 [WARN] PackLoader:240 - Cannot read IP mode file for STMicroelectronics.X-CUBE-MEMS1.11.3.0
2025-10-02 08:02:06,091 [WARN] PackLoader:240 - Cannot read IP mode file for STMicroelectronics.X-CUBE-PM33A1.1.0.0
2025-10-02 08:02:06,109 [WARN] PackLoader:240 - Cannot read IP mode file for STMicroelectronics.X-CUBE-AZRTOS-F4.1.1.0
2025-10-02 08:02:06,118 [WARN] PackLoader:240 - Cannot read IP mode file for Avnet-IotConnect.X-CUBE-IoTC-DA16k-PMOD.1.0.0
2025-10-02 08:02:06,123 [WARN] PackLoader:240 - Cannot read IP mode file for STMicroelectronics.X-CUBE-ISPU.2.1.0
2025-10-02 08:02:06,132 [WARN] PackLoader:240 - Cannot read IP mode file for STMicroelectronics.X-CUBE-NFC12.1.0.0
2025-10-02 08:02:06,149 [WARN] PackLoader:240 - Cannot read IP mode file for STMicroelectronics.X-CUBE-AZRTOS-L5.2.0.0
2025-10-02 08:02:06,161 [WARN] PackLoader:240 - Cannot read IP mode file for STMicroelectronics.X-CUBE-NFC6.3.1.0
2025-10-02 08:02:06,169 [WARN] PackLoader:240 - Cannot read IP mode file for STMicroelectronics.X-CUBE-DPower.1.2.0
2025-10-02 08:02:06,177 [WARN] PackLoader:240 - Cannot read IP mode file for STMicroelectronics.X-CUBE-FREERTOS.1.3.1
2025-10-02 08:02:06,181 [WARN] PackLoader:240 - Cannot read IP mode file for STMicroelectronics.X-CUBE-FREERTOS.1.3.0
2025-10-02 08:02:06,188 [WARN] PackLoader:240 - Cannot read IP mode file for STMicroelectronics.X-CUBE-NFC7.1.0.1
2025-10-02 08:02:06,192 [WARN] PackLoader:240 - Cannot read IP mode file for STMicroelectronics.X-CUBE-TOUCHGFX.4.26.0
2025-10-02 08:02:06,200 [WARN] PackLoader:240 - Cannot read IP mode file for STMicroelectronics.FP-SNS-STAIOTCFT.1.0.0
2025-10-02 08:02:06,205 [WARN] PackLoader:240 - Cannot read IP mode file for STMicroelectronics.X-CUBE-DPower.1.3.0
2025-10-02 08:02:06,223 [WARN] ConditionMgr:438 - getConditionDescription Invalid condition id : LAN8742 Phy interface Condition cause : null
2025-10-02 08:02:06,223 [WARN] PackLoader:240 - Cannot read IP mode file for STMicroelectronics.X-CUBE-AZRTOS-L4.2.0.0
2025-10-02 08:02:06,224 [WARN] ConditionMgr:1044 - genDependencies : Invalid condition id : LAN8742 Phy interface Condition cause : null
2025-10-02 08:02:06,224 [WARN] ConditionMgr:1044 - genDependencies : Invalid condition id : LAN8742 Phy interface Condition cause : null
2025-10-02 08:02:06,226 [WARN] ConditionMgr:1044 - genDependencies : Invalid condition id : LAN8742 Phy interface Condition cause : null
2025-10-02 08:02:06,262 [WARN] PackLoader:240 - Cannot read IP mode file for STMicroelectronics.X-CUBE-SFXS2LP1.4.0.0
2025-10-02 08:02:06,293 [WARN] PackLoader:240 - Cannot read IP mode file for STMicroelectronics.X-CUBE-AZRTOS-H7.3.3.0
2025-10-02 08:02:06,313 [WARN] PackLoader:240 - Cannot read IP mode file for STMicroelectronics.X-CUBE-BLEMGR.4.1.0
2025-10-02 08:02:06,371 [WARN] ConditionMgr:438 - getConditionDescription Invalid condition id : UX DEVICE CLASS RTOS Condition cause : null
2025-10-02 08:02:06,372 [WARN] ConditionMgr:438 - getConditionDescription Invalid condition id : UX DEVICE CLASS RTOS Condition cause : null
2025-10-02 08:02:06,378 [WARN] PackLoader:240 - Cannot read IP mode file for STMicroelectronics.X-CUBE-AZRTOS-WB.2.0.0
2025-10-02 08:02:06,379 [WARN] ConditionMgr:1044 - genDependencies : Invalid condition id : UX DEVICE CLASS RTOS Condition cause : null
2025-10-02 08:02:06,380 [WARN] ConditionMgr:1044 - genDependencies : Invalid condition id : UX DEVICE CLASS RTOS Condition cause : null
2025-10-02 08:02:06,380 [WARN] ConditionMgr:1044 - genDependencies : Invalid condition id : UX DEVICE CLASS RTOS Condition cause : null
2025-10-02 08:02:06,380 [WARN] ConditionMgr:1044 - genDependencies : Invalid condition id : UX DEVICE CLASS RTOS Condition cause : null
2025-10-02 08:02:06,380 [WARN] ConditionMgr:1044 - genDependencies : Invalid condition id : UX DEVICE CLASS RTOS Condition cause : null
2025-10-02 08:02:06,398 [WARN] PackLoader:240 - Cannot read IP mode file for STMicroelectronics.X-CUBE-GNSS1.7.0.1
2025-10-02 08:02:06,407 [WARN] PackLoader:240 - Cannot read IP mode file for STMicroelectronics.X-CUBE-TOUCHGFX.4.25.0
2025-10-02 08:02:06,420 [WARN] PackLoader:240 - Cannot read IP mode file for STMicroelectronics.FP-SNS-STBOX1.2.0.0
2025-10-02 08:02:06,448 [WARN] PackLoader:240 - Cannot read IP mode file for STMicroelectronics.X-CUBE-SUBG2.5.0.0
2025-10-02 08:02:06,486 [WARN] PackLoader:240 - Cannot read IP mode file for STMicroelectronics.X-CUBE-AZRTOS-H7RS.1.1.0
2025-10-02 08:02:06,497 [WARN] PackLoader:240 - Cannot read IP mode file for Cesanta.I-CUBE-Mongoose.7.13.0
2025-10-02 08:02:06,510 [WARN] PackLoader:240 - Cannot read IP mode file for STMicroelectronics.X-CUBE-AZRTOS-G4.2.0.0
2025-10-02 08:02:06,517 [WARN] PackLoader:240 - Cannot read IP mode file for wolfSSL.I-CUBE-wolfSSH.1.4.20
2025-10-02 08:02:06,523 [WARN] PackLoader:240 - Cannot read IP mode file for STMicroelectronics.X-CUBE-NFC7.2.0.0
2025-10-02 08:02:06,539 [WARN] PackLoader:240 - Cannot read IP mode file for STMicroelectronics.X-CUBE-IPS.3.1.0
2025-10-02 08:02:06,552 [WARN] PackLoader:240 - Cannot read IP mode file for STMicroelectronics.X-CUBE-ALS.1.0.2
2025-10-02 08:02:06,564 [WARN] PackLoader:240 - Cannot read IP mode file for STMicroelectronics.X-CUBE-STSE01.1.0.0
2025-10-02 08:02:06,573 [WARN] PackLoader:240 - Cannot read IP mode file for portGmbH.I-Cube-SoM-uGOAL.1.1.0
2025-10-02 08:02:06,593 [WARN] PackLoader:240 - Cannot read IP mode file for STMicroelectronics.X-CUBE-TOF1.3.4.2
2025-10-02 08:02:06,615 [WARN] PackLoader:240 - Cannot read IP mode file for STMicroelectronics.X-CUBE-TOF1.3.4.3
2025-10-02 08:02:06,628 [INFO] ThirdParty:978 - Integrity check success = true
2025-10-02 08:02:06,629 [INFO] IntegrityCheckThread:100 - exiting critical section [integrity check]
2025-10-02 08:02:06,629 [INFO] IntegrityCheckThread:103 - End integrity checks thread
2025-10-02 08:57:20,709 [INFO] WebApp:194 - Connection lost
2025-10-02 08:57:21,419 [INFO] WebApp:191 - Connection restablished
2025-10-02 09:20:26,421 [INFO] WebApp:194 - Connection lost
2025-10-02 09:20:26,700 [INFO] WebApp:191 - Connection restablished
2025-10-02 09:38:22,362 [INFO] WebApp:194 - Connection lost
2025-10-02 09:38:22,726 [INFO] WebApp:191 - Connection restablished
2025-10-02 09:41:25,348 [INFO] WebApp:194 - Connection lost
2025-10-02 09:41:25,630 [INFO] WebApp:191 - Connection restablished
2025-10-02 09:47:03,349 [INFO] WebApp:194 - Connection lost
2025-10-02 09:47:03,664 [INFO] WebApp:191 - Connection restablished
2025-10-02 09:48:13,851 [INFO] WebApp:194 - Connection lost
2025-10-02 09:48:15,698 [INFO] WebApp:191 - Connection restablished
2025-10-02 09:48:45,349 [INFO] WebApp:194 - Connection lost
2025-10-02 09:48:45,557 [INFO] WebApp:191 - Connection restablished
2025-10-02 09:49:11,848 [INFO] WebApp:194 - Connection lost
2025-10-02 09:49:12,015 [INFO] WebApp:191 - Connection restablished
2025-10-02 09:49:43,857 [INFO] WebApp:194 - Connection lost
2025-10-02 09:49:44,180 [INFO] WebApp:191 - Connection restablished
2025-10-02 09:51:54,338 [INFO] WebApp:194 - Connection lost
2025-10-02 09:51:55,363 [INFO] WebApp:191 - Connection restablished
2025-10-02 09:52:27,843 [INFO] WebApp:194 - Connection lost
2025-10-02 09:52:28,197 [INFO] WebApp:191 - Connection restablished
2025-10-02 10:39:18,066 [INFO] WebApp:194 - Connection lost
2025-10-02 10:39:18,670 [INFO] WebApp:191 - Connection restablished
2025-10-02 10:39:42,352 [INFO] WebApp:194 - Connection lost
2025-10-02 10:39:42,491 [INFO] WebApp:191 - Connection restablished
2025-10-02 10:41:36,842 [INFO] WebApp:194 - Connection lost
2025-10-02 10:41:37,375 [INFO] WebApp:191 - Connection restablished
2025-10-02 13:52:17,572 [INFO] WebApp:194 - Connection lost
2025-10-02 13:54:53,245 [INFO] WebApp:191 - Connection restablished
2025-10-02 13:55:50,376 [INFO] WebApp:194 - Connection lost
2025-10-02 13:55:50,808 [INFO] WebApp:191 - Connection restablished
2025-10-02 14:24:00,359 [INFO] WebApp:194 - Connection lost
2025-10-02 14:24:00,659 [INFO] WebApp:191 - Connection restablished
2025-10-02 14:25:07,842 [INFO] WebApp:194 - Connection lost
2025-10-02 14:25:08,333 [INFO] WebApp:191 - Connection restablished
2025-10-02 14:46:44,857 [INFO] WebApp:194 - Connection lost
2025-10-02 14:46:45,318 [INFO] WebApp:191 - Connection restablished
2025-10-02 14:51:16,357 [INFO] WebApp:194 - Connection lost
2025-10-02 14:51:16,949 [INFO] WebApp:191 - Connection restablished
2025-10-02 15:02:32,362 [INFO] WebApp:194 - Connection lost
2025-10-02 15:02:32,718 [INFO] WebApp:191 - Connection restablished
2025-10-02 15:03:44,356 [INFO] WebApp:194 - Connection lost
2025-10-02 15:03:44,762 [INFO] WebApp:191 - Connection restablished
2025-10-02 15:17:52,871 [INFO] WebApp:194 - Connection lost
2025-10-02 15:17:53,178 [INFO] WebApp:191 - Connection restablished
2025-10-02 15:19:07,864 [INFO] WebApp:194 - Connection lost
2025-10-02 15:19:08,755 [INFO] WebApp:191 - Connection restablished
